TESTGROUPNAME: AEHal_Tests1
TESTSPECIFIC: ADC_TEST
TESTNAME: FINISH_TEST_GROUP
STATUS: FINISHED
FILE: None
LINE: 0
MESSAGE: done test group
NumOfPasses: 0
NumOfFails: 0
OPTIONS: @RTOS_USED::FREERTOS @SIM_REAL::REALITY @BOARD_USED::STM32F411RE @INTEGRATION_TESTS::AEHal_Tests1 @BUILD_TESTS::TRUE @TestGroups::Test_Group1 @INCLUDE_HAL::TRUE @BUILD_UNIT_TESTS::TRUE @AERTOS_ENVIRONMENT::RTOS_MICRO @Build_System::VSGDBCmake_Ninja @OS_USED::NONE @SWIL_HWIL_DRIVEN::HWIL @TOOLCHAIN_USED::arm_non_eabi_id @INTEGRATION_TESTS_FOR_AEHal_Tests1::ADC_TEST @PRINT_METHOD::PRINT_SEMIHOSTING 

TESTGROUPNAME: AEHal_Tests1
TESTSPECIFIC: ADC_TEST
TESTNAME: ADC1_random test
STATUS: FAILED
FILE: 
LINE: 0
MESSAGE: This test never ran.
NumOfPasses: 0
NumOfFails: 0
OPTIONS: @RTOS_USED::FREERTOS @SIM_REAL::REALITY @BOARD_USED::STM32F411RE @INTEGRATION_TESTS::AEHal_Tests1 @BUILD_TESTS::TRUE @TestGroups::Test_Group1 @INCLUDE_HAL::TRUE @BUILD_UNIT_TESTS::TRUE @AERTOS_ENVIRONMENT::RTOS_MICRO @Build_System::VSGDBCmake_Ninja @OS_USED::NONE @SWIL_HWIL_DRIVEN::HWIL @TOOLCHAIN_USED::arm_non_eabi_id @INTEGRATION_TESTS_FOR_AEHal_Tests1::ADC_TEST @PRINT_METHOD::PRINT_SEMIHOSTING 

TESTGROUPNAME: AEHal_Tests1
TESTSPECIFIC: ADC_TEST
TESTNAME: ADC1 test
STATUS: PASSED
FILE: ../../../src/AE/hal/exeHalTest/ADC_TEST.cpp
LINE: 40
MESSAGE: test adc1 is getting adc value
NumOfPasses: 7
NumOfFails: 0
OPTIONS: @RTOS_USED::FREERTOS @SIM_REAL::REALITY @BOARD_USED::STM32F411RE @INTEGRATION_TESTS::AEHal_Tests1 @BUILD_TESTS::TRUE @TestGroups::Test_Group1 @INCLUDE_HAL::TRUE @BUILD_UNIT_TESTS::TRUE @AERTOS_ENVIRONMENT::RTOS_MICRO @Build_System::VSGDBCmake_Ninja @OS_USED::NONE @SWIL_HWIL_DRIVEN::HWIL @TOOLCHAIN_USED::arm_non_eabi_id @INTEGRATION_TESTS_FOR_AEHal_Tests1::ADC_TEST @PRINT_METHOD::PRINT_SEMIHOSTING 

TESTGROUPNAME: AEHal_Tests1
TESTSPECIFIC: ADC_TEST
TESTNAME: ADC2 test
STATUS: PASSED
FILE: ../../../src/AE/hal/exeHalTest/ADC_TEST.cpp
LINE: 51
MESSAGE: test adc2 is getting adc value
NumOfPasses: 8
NumOfFails: 0
OPTIONS: @RTOS_USED::FREERTOS @SIM_REAL::REALITY @BOARD_USED::STM32F411RE @INTEGRATION_TESTS::AEHal_Tests1 @BUILD_TESTS::TRUE @TestGroups::Test_Group1 @INCLUDE_HAL::TRUE @BUILD_UNIT_TESTS::TRUE @AERTOS_ENVIRONMENT::RTOS_MICRO @Build_System::VSGDBCmake_Ninja @OS_USED::NONE @SWIL_HWIL_DRIVEN::HWIL @TOOLCHAIN_USED::arm_non_eabi_id @INTEGRATION_TESTS_FOR_AEHal_Tests1::ADC_TEST @PRINT_METHOD::PRINT_SEMIHOSTING 

TESTGROUPNAME: AEHal_Tests1
TESTSPECIFIC: ADC_TEST
TESTNAME: ADC3 test
STATUS: PASSED
FILE: ../../../src/AE/hal/exeHalTest/ADC_TEST.cpp
LINE: 66
MESSAGE: test adc3 is getting adc value
NumOfPasses: 8
NumOfFails: 0
OPTIONS: @RTOS_USED::FREERTOS @SIM_REAL::REALITY @BOARD_USED::STM32F411RE @INTEGRATION_TESTS::AEHal_Tests1 @BUILD_TESTS::TRUE @TestGroups::Test_Group1 @INCLUDE_HAL::TRUE @BUILD_UNIT_TESTS::TRUE @AERTOS_ENVIRONMENT::RTOS_MICRO @Build_System::VSGDBCmake_Ninja @OS_USED::NONE @SWIL_HWIL_DRIVEN::HWIL @TOOLCHAIN_USED::arm_non_eabi_id @INTEGRATION_TESTS_FOR_AEHal_Tests1::ADC_TEST @PRINT_METHOD::PRINT_SEMIHOSTING 

TESTGROUPNAME: AEHal_Tests1
TESTSPECIFIC: ADC_TEST
TESTNAME: FINISH_TEST_GROUP
STATUS: FINISHED
FILE: None
LINE: 0
MESSAGE: done test group
NumOfPasses: 0
NumOfFails: 0
OPTIONS: @RTOS_USED::FREERTOS @SIM_REAL::REALITY @BOARD_USED::STM32F411RE @INTEGRATION_TESTS::AEHal_Tests1 @BUILD_TESTS::TRUE @TestGroups::Test_Group1 @INCLUDE_HAL::TRUE @BUILD_UNIT_TESTS::TRUE @AERTOS_ENVIRONMENT::RTOS_MICRO @Build_System::VSGDBCmake_Ninja @OS_USED::NONE @SWIL_HWIL_DRIVEN::HWIL @TOOLCHAIN_USED::arm_non_eabi_id @PRINT_METHOD::PRINT_SEMIHOSTING @INTEGRATION_TESTS_FOR_AEHal_Tests1::ADC_TEST 

TESTGROUPNAME: AEHal_Tests1
TESTSPECIFIC: ADC_TEST
TESTNAME: ADC1_random test
STATUS: FAILED
FILE: 
LINE: 0
MESSAGE: This test never ran.
NumOfPasses: 0
NumOfFails: 0
OPTIONS: @RTOS_USED::FREERTOS @SIM_REAL::REALITY @BOARD_USED::STM32F411RE @INTEGRATION_TESTS::AEHal_Tests1 @BUILD_TESTS::TRUE @TestGroups::Test_Group1 @INCLUDE_HAL::TRUE @BUILD_UNIT_TESTS::TRUE @AERTOS_ENVIRONMENT::RTOS_MICRO @Build_System::VSGDBCmake_Ninja @OS_USED::NONE @SWIL_HWIL_DRIVEN::HWIL @TOOLCHAIN_USED::arm_non_eabi_id @PRINT_METHOD::PRINT_SEMIHOSTING @INTEGRATION_TESTS_FOR_AEHal_Tests1::ADC_TEST 

TESTGROUPNAME: AEHal_Tests1
TESTSPECIFIC: ADC_TEST
TESTNAME: ADC1 test
STATUS: PASSED
FILE: ../../../src/AE/hal/exeHalTest/ADC_TEST.cpp
LINE: 40
MESSAGE: test adc1 is getting adc value
NumOfPasses: 7
NumOfFails: 0
OPTIONS: @RTOS_USED::FREERTOS @SIM_REAL::REALITY @BOARD_USED::STM32F411RE @INTEGRATION_TESTS::AEHal_Tests1 @BUILD_TESTS::TRUE @TestGroups::Test_Group1 @INCLUDE_HAL::TRUE @BUILD_UNIT_TESTS::TRUE @AERTOS_ENVIRONMENT::RTOS_MICRO @Build_System::VSGDBCmake_Ninja @OS_USED::NONE @SWIL_HWIL_DRIVEN::HWIL @TOOLCHAIN_USED::arm_non_eabi_id @PRINT_METHOD::PRINT_SEMIHOSTING @INTEGRATION_TESTS_FOR_AEHal_Tests1::ADC_TEST 

TESTGROUPNAME: AEHal_Tests1
TESTSPECIFIC: ADC_TEST
TESTNAME: ADC2 test
STATUS: PASSED
FILE: ../../../src/AE/hal/exeHalTest/ADC_TEST.cpp
LINE: 51
MESSAGE: test adc2 is getting adc value
NumOfPasses: 7
NumOfFails: 0
OPTIONS: @RTOS_USED::FREERTOS @SIM_REAL::REALITY @BOARD_USED::STM32F411RE @INTEGRATION_TESTS::AEHal_Tests1 @BUILD_TESTS::TRUE @TestGroups::Test_Group1 @INCLUDE_HAL::TRUE @BUILD_UNIT_TESTS::TRUE @AERTOS_ENVIRONMENT::RTOS_MICRO @Build_System::VSGDBCmake_Ninja @OS_USED::NONE @SWIL_HWIL_DRIVEN::HWIL @TOOLCHAIN_USED::arm_non_eabi_id @PRINT_METHOD::PRINT_SEMIHOSTING @INTEGRATION_TESTS_FOR_AEHal_Tests1::ADC_TEST 

TESTGROUPNAME: AEHal_Tests1
TESTSPECIFIC: ADC_TEST
TESTNAME: ADC3 test
STATUS: PASSED
FILE: ../../../src/AE/hal/exeHalTest/ADC_TEST.cpp
LINE: 66
MESSAGE: test adc3 is getting adc value
NumOfPasses: 8
NumOfFails: 0
OPTIONS: @RTOS_USED::FREERTOS @SIM_REAL::REALITY @BOARD_USED::STM32F411RE @INTEGRATION_TESTS::AEHal_Tests1 @BUILD_TESTS::TRUE @TestGroups::Test_Group1 @INCLUDE_HAL::TRUE @BUILD_UNIT_TESTS::TRUE @AERTOS_ENVIRONMENT::RTOS_MICRO @Build_System::VSGDBCmake_Ninja @OS_USED::NONE @SWIL_HWIL_DRIVEN::HWIL @TOOLCHAIN_USED::arm_non_eabi_id @PRINT_METHOD::PRINT_SEMIHOSTING @INTEGRATION_TESTS_FOR_AEHal_Tests1::ADC_TEST 

