#####################################################################################
TESTGROUPNAME: exeHalTest
TESTSPECIFIC: ADC_TEST
TESTNAME: FINISH_TEST_GROUP
STATUS: FINISHED
FILE: None
LINE: 0
MESSAGE: done test group
NumOfPasses: 0
NumOfFails: 0
OPTIONS: @AERTOS_ENVIRONMENT::RTOS_PC @AERTOS_ENVIRONMENT::RTOS_PC @Build_System::VSGDBCmake_Ninja @RTOS_USED::FREERTOS @OS_USED::WINDOWS @SIM_REAL::REALITY @SWIL_HWIL_DRIVEN::SWIL @BOARD_USED::X64 @TOOLCHAIN_USED::mingw @BUILD_TESTS::TRUE @BUILD_UNIT_TESTS::FALSE @OS_USED::WINDOWS @PRINT_METHOD::NORMAL_PRINTF @INCLUDE_HAL::TRUE @INTEGRATION_TESTS::exeHalTest @INTEGRATION_TESTS_FOR_exeHalTest::ADC_TEST 

TESTGROUPNAME: exeHalTest
TESTSPECIFIC: ADC_TEST
TESTNAME: ADC1 test_EXPECTED
STATUS: FAILED
FILE: 
LINE: 0
MESSAGE: This test never ran.
NumOfPasses: 0
NumOfFails: 0
OPTIONS: @AERTOS_ENVIRONMENT::RTOS_PC @AERTOS_ENVIRONMENT::RTOS_PC @Build_System::VSGDBCmake_Ninja @RTOS_USED::FREERTOS @OS_USED::WINDOWS @SIM_REAL::REALITY @SWIL_HWIL_DRIVEN::SWIL @BOARD_USED::X64 @TOOLCHAIN_USED::mingw @BUILD_TESTS::TRUE @BUILD_UNIT_TESTS::FALSE @OS_USED::WINDOWS @PRINT_METHOD::NORMAL_PRINTF @INCLUDE_HAL::TRUE @INTEGRATION_TESTS::exeHalTest @INTEGRATION_TESTS_FOR_exeHalTest::ADC_TEST 

#####################################################################################
TESTGROUPNAME: exeHalTest
TESTSPECIFIC: ADC_TEST
TESTNAME: FINISH_TEST_GROUP
STATUS: FINISHED
FILE: None
LINE: 0
MESSAGE: done test group
NumOfPasses: 0
NumOfFails: 0
OPTIONS: @INTEGRATION_TESTS::exeHalTest @INTEGRATION_TESTS_FOR_exeHalTest::ADC_TEST 

TESTGROUPNAME: exeHalTest
TESTSPECIFIC: ADC_TEST
TESTNAME: ADC1 test_EXPECTED
STATUS: FAILED
FILE: 
LINE: 0
MESSAGE: This test never ran.
NumOfPasses: 0
NumOfFails: 0
OPTIONS: @INTEGRATION_TESTS::exeHalTest @INTEGRATION_TESTS_FOR_exeHalTest::ADC_TEST 

#####################################################################################
TESTGROUPNAME: exeHalTest
TESTSPECIFIC: ADC_TEST
TESTNAME: FINISH_TEST_GROUP
STATUS: FINISHED
FILE: None
LINE: 0
MESSAGE: done test group
NumOfPasses: 0
NumOfFails: 0
OPTIONS: @INTEGRATION_TESTS::exeHalTest @INTEGRATION_TESTS_FOR_exeHalTest::ADC_TEST 

TESTGROUPNAME: exeHalTest
TESTSPECIFIC: ADC_TEST
TESTNAME: ADC1 test_EXPECTED
STATUS: FAILED
FILE: 
LINE: 0
MESSAGE: This test never ran.
NumOfPasses: 0
NumOfFails: 0
OPTIONS: @INTEGRATION_TESTS::exeHalTest @INTEGRATION_TESTS_FOR_exeHalTest::ADC_TEST 

#####################################################################################
TESTGROUPNAME: exeHalTest
TESTSPECIFIC: ADC_TEST
TESTNAME: FINISH_TEST_GROUP
STATUS: FINISHED
FILE: None
LINE: 0
MESSAGE: done test group
NumOfPasses: 0
NumOfFails: 0
OPTIONS: @INTEGRATION_TESTS::exeHalTest @INTEGRATION_TESTS_FOR_exeHalTest::ADC_TEST 

TESTGROUPNAME: exeHalTest
TESTSPECIFIC: ADC_TEST
TESTNAME: ADC1 test_EXPECTED
STATUS: PASSED
FILE: 
LINE: 0
MESSAGE: test has run
NumOfPasses: 1
NumOfFails: 0
OPTIONS: @INTEGRATION_TESTS::exeHalTest @INTEGRATION_TESTS_FOR_exeHalTest::ADC_TEST 

TESTGROUPNAME: exeHalTest
TESTSPECIFIC: ADC_TEST
TESTNAME: ADC1 test
STATUS: FAILED
FILE: C:/AERTOSCopy/src/AE/hal/exeHalTest/ADC_TEST.cpp
LINE: 46
MESSAGE: test adc1 is getting adc value
NumOfPasses: 0
NumOfFails: 249
OPTIONS: @INTEGRATION_TESTS::exeHalTest @INTEGRATION_TESTS_FOR_exeHalTest::ADC_TEST 

TESTGROUPNAME: exeHalTest
TESTSPECIFIC: ADC_TEST
TESTNAME: ADC2 test
STATUS: FAILED
FILE: C:/AERTOSCopy/src/AE/hal/exeHalTest/ADC_TEST.cpp
LINE: 58
MESSAGE: test adc2 is getting adc value
NumOfPasses: 225
NumOfFails: 26
OPTIONS: @INTEGRATION_TESTS::exeHalTest @INTEGRATION_TESTS_FOR_exeHalTest::ADC_TEST 

TESTGROUPNAME: exeHalTest
TESTSPECIFIC: ADC_TEST
TESTNAME: ADC3 test
STATUS: FAILED
FILE: C:/AERTOSCopy/src/AE/hal/exeHalTest/ADC_TEST.cpp
LINE: 73
MESSAGE: test adc3 is getting adc value
NumOfPasses: 0
NumOfFails: 252
OPTIONS: @INTEGRATION_TESTS::exeHalTest @INTEGRATION_TESTS_FOR_exeHalTest::ADC_TEST 

#####################################################################################
TESTGROUPNAME: exeHalTest
TESTSPECIFIC: ADC_TEST
TESTNAME: FINISH_TEST_GROUP
STATUS: FINISHED
FILE: None
LINE: 0
MESSAGE: done test group
NumOfPasses: 0
NumOfFails: 0
OPTIONS: @INTEGRATION_TESTS::exeHalTest @INTEGRATION_TESTS_FOR_exeHalTest::ADC_TEST 

TESTGROUPNAME: exeHalTest
TESTSPECIFIC: ADC_TEST
TESTNAME: ADC1 test_EXPECTED
STATUS: FAILED
FILE: 
LINE: 0
MESSAGE: This test never ran.
NumOfPasses: 0
NumOfFails: 0
OPTIONS: @INTEGRATION_TESTS::exeHalTest @INTEGRATION_TESTS_FOR_exeHalTest::ADC_TEST 

#####################################################################################
TESTGROUPNAME: exeHalTest
TESTSPECIFIC: ADC_TEST
TESTNAME: FINISH_TEST_GROUP
STATUS: FINISHED
FILE: None
LINE: 0
MESSAGE: done test group
NumOfPasses: 0
NumOfFails: 0
OPTIONS: @INTEGRATION_TESTS::exeHalTest @INTEGRATION_TESTS_FOR_exeHalTest::ADC_TEST 

TESTGROUPNAME: exeHalTest
TESTSPECIFIC: ADC_TEST
TESTNAME: ADC1 test_EXPECTED
STATUS: FAILED
FILE: 
LINE: 0
MESSAGE: This test never ran.
NumOfPasses: 0
NumOfFails: 0
OPTIONS: @INTEGRATION_TESTS::exeHalTest @INTEGRATION_TESTS_FOR_exeHalTest::ADC_TEST 

#####################################################################################
TESTGROUPNAME: exeHalTest
TESTSPECIFIC: ADC_TEST
TESTNAME: FINISH_TEST_GROUP
STATUS: FINISHED
FILE: None
LINE: 0
MESSAGE: done test group
NumOfPasses: 0
NumOfFails: 0
OPTIONS: @INTEGRATION_TESTS::exeHalTest @INTEGRATION_TESTS_FOR_exeHalTest::ADC_TEST 

TESTGROUPNAME: exeHalTest
TESTSPECIFIC: ADC_TEST
TESTNAME: ADC1 test_EXPECTED
STATUS: PASSED
FILE: 
LINE: 0
MESSAGE: test has run
NumOfPasses: 1
NumOfFails: 0
OPTIONS: @INTEGRATION_TESTS::exeHalTest @INTEGRATION_TESTS_FOR_exeHalTest::ADC_TEST 

TESTGROUPNAME: exeHalTest
TESTSPECIFIC: ADC_TEST
TESTNAME: ADC1 test
STATUS: FAILED
FILE: ../../../src/AE/hal/exeHalTest/ADC_TEST.cpp
LINE: 46
MESSAGE: test adc1 is getting adc value
NumOfPasses: 0
NumOfFails: 250
OPTIONS: @INTEGRATION_TESTS::exeHalTest @INTEGRATION_TESTS_FOR_exeHalTest::ADC_TEST 

TESTGROUPNAME: exeHalTest
TESTSPECIFIC: ADC_TEST
TESTNAME: ADC2 test
STATUS: FAILED
FILE: ../../../src/AE/hal/exeHalTest/ADC_TEST.cpp
LINE: 58
MESSAGE: test adc2 is getting adc value
NumOfPasses: 218
NumOfFails: 33
OPTIONS: @INTEGRATION_TESTS::exeHalTest @INTEGRATION_TESTS_FOR_exeHalTest::ADC_TEST 

TESTGROUPNAME: exeHalTest
TESTSPECIFIC: ADC_TEST
TESTNAME: ADC3 test
STATUS: FAILED
FILE: ../../../src/AE/hal/exeHalTest/ADC_TEST.cpp
LINE: 73
MESSAGE: test adc3 is getting adc value
NumOfPasses: 0
NumOfFails: 252
OPTIONS: @INTEGRATION_TESTS::exeHalTest @INTEGRATION_TESTS_FOR_exeHalTest::ADC_TEST 

#####################################################################################
TESTGROUPNAME: exeHalTest
TESTSPECIFIC: ADC_TEST
TESTNAME: FINISH_TEST_GROUP
STATUS: FINISHED
FILE: None
LINE: 0
MESSAGE: done test group
NumOfPasses: 0
NumOfFails: 0
OPTIONS: @INTEGRATION_TESTS::exeHalTest @INTEGRATION_TESTS_FOR_exeHalTest::ADC_TEST 

TESTGROUPNAME: exeHalTest
TESTSPECIFIC: ADC_TEST
TESTNAME: ADC1 test_EXPECTED
STATUS: FAILED
FILE: 
LINE: 0
MESSAGE: This test never ran.
NumOfPasses: 0
NumOfFails: 0
OPTIONS: @INTEGRATION_TESTS::exeHalTest @INTEGRATION_TESTS_FOR_exeHalTest::ADC_TEST 

#####################################################################################
TESTGROUPNAME: exeHalTest
TESTSPECIFIC: I2C_TEST
TESTNAME: FINISH_TEST_GROUP
STATUS: FINISHED
FILE: None
LINE: 0
MESSAGE: done test group
NumOfPasses: 0
NumOfFails: 0
OPTIONS: @INTEGRATION_TESTS::exeHalTest @INTEGRATION_TESTS_FOR_exeHalTest::I2C_TEST 

TESTGROUPNAME: exeHalTest
TESTSPECIFIC: I2C_TEST
TESTNAME: i2c_returned_EXPECTED
STATUS: PASSED
FILE: 
LINE: 0
MESSAGE: test has run
NumOfPasses: 1
NumOfFails: 0
OPTIONS: @INTEGRATION_TESTS::exeHalTest @INTEGRATION_TESTS_FOR_exeHalTest::I2C_TEST 

TESTGROUPNAME: exeHalTest
TESTSPECIFIC: I2C_TEST
TESTNAME: i2c_returned
STATUS: PASSED
FILE: ../../../src/AE/hal/exeHalTest/I2C_TEST.cpp
LINE: 500MESSAGE: mpu returned data with az greater than 10000
NumOfPasses: 24
NumOfFails: 0
OPTIONS: @INTEGRATION_TESTS::exeHalTest @INTEGRATION_TESTS_FOR_exeHalTest::I2C_TEST 

#####################################################################################
TESTGROUPNAME: exeHalTest
TESTSPECIFIC: ADC_TEST
TESTNAME: FINISH_TEST_GROUP
STATUS: FINISHED
FILE: None
LINE: 0
MESSAGE: done test group
NumOfPasses: 0
NumOfFails: 0
OPTIONS: @INTEGRATION_TESTS::exeHalTest @INTEGRATION_TESTS_FOR_exeHalTest::ADC_TEST 

TESTGROUPNAME: exeHalTest
TESTSPECIFIC: ADC_TEST
TESTNAME: ADC1 test_EXPECTED
STATUS: FAILED
FILE: 
LINE: 0
MESSAGE: This test never ran.
NumOfPasses: 0
NumOfFails: 0
OPTIONS: @INTEGRATION_TESTS::exeHalTest @INTEGRATION_TESTS_FOR_exeHalTest::ADC_TEST 

#####################################################################################
TESTGROUPNAME: exeHalTest
TESTSPECIFIC: I2C_TEST
TESTNAME: FINISH_TEST_GROUP
STATUS: FINISHED
FILE: None
LINE: 0
MESSAGE: done test group
NumOfPasses: 0
NumOfFails: 0
OPTIONS: @INTEGRATION_TESTS::exeHalTest @INTEGRATION_TESTS_FOR_exeHalTest::I2C_TEST 

TESTGROUPNAME: exeHalTest
TESTSPECIFIC: I2C_TEST
TESTNAME: i2c_returned_EXPECTED
STATUS: PASSED
FILE: 
LINE: 0
MESSAGE: test has run
NumOfPasses: 1
NumOfFails: 0
OPTIONS: @INTEGRATION_TESTS::exeHalTest @INTEGRATION_TESTS_FOR_exeHalTest::I2C_TEST 

TESTGROUPNAME: exeHalTest
TESTSPECIFIC: I2C_TEST
TESTNAME: i2c_returned
STATUS: PASSED
FILE: ../../../src/AE/hal/exeHalTest/I2C_TEST.cpp
LINE: 502MESSAGE: mpu returned data with az greater than 10000
NumOfPasses: 24
NumOfFails: 0
OPTIONS: @INTEGRATION_TESTS::exeHalTest @INTEGRATION_TESTS_FOR_exeHalTest::I2C_TEST 

#####################################################################################
TESTGROUPNAME: AECoreTestEXE
TESTSPECIFIC: testTDU
TESTNAME: FINISH_TEST_GROUP
STATUS: FINISHED
FILE: None
LINE: 0
MESSAGE: done test group
NumOfPasses: 0
NumOfFails: 0
OPTIONS: @INTEGRATION_TESTS::AECoreTestEXE @INTEGRATION_TESTS_FOR_AECoreTestEXE::testTDU 

TESTGROUPNAME: AECoreTestEXE
TESTSPECIFIC: testTDU
TESTNAME: TDUWaitForEvent_EXPECTED
STATUS: PASSED
FILE: 
LINE: 0
MESSAGE: test has run
NumOfPasses: 1
NumOfFails: 0
OPTIONS: @INTEGRATION_TESTS::AECoreTestEXE @INTEGRATION_TESTS_FOR_AECoreTestEXE::testTDU 

TESTGROUPNAME: AECoreTestEXE
TESTSPECIFIC: testTDU
TESTNAME: TDUENTERED
STATUS: PASSED
FILE: ../../../src/AE/AECoreTestEXE/include/ActionRequestForUARTTransmitTDU.h
LINE: 41
MESSAGE: TDU wait for event ran
NumOfPasses: 153
NumOfFails: 0
OPTIONS: @INTEGRATION_TESTS::AECoreTestEXE @INTEGRATION_TESTS_FOR_AECoreTestEXE::testTDU 

TESTGROUPNAME: AECoreTestEXE
TESTSPECIFIC: testTDU
TESTNAME: TDUWaitForEvent
STATUS: PASSED
FILE: ../../../src/AE/AECoreTestEXE/include/ActionRequestForUARTTransmitTDU.h
LINE: 51
MESSAGE: TDU wait for event ran
NumOfPasses: 15
NumOfFails: 0
OPTIONS: @INTEGRATION_TESTS::AECoreTestEXE @INTEGRATION_TESTS_FOR_AECoreTestEXE::testTDU 

#####################################################################################
TESTGROUPNAME: AECoreTestEXE
TESTSPECIFIC: testSPB
TESTNAME: FINISH_TEST_GROUP
STATUS: FINISHED
FILE: None
LINE: 0
MESSAGE: done test group
NumOfPasses: 0
NumOfFails: 0
OPTIONS: @INTEGRATION_TESTS::AECoreTestEXE @INTEGRATION_TESTS_FOR_AECoreTestEXE::testSPB 

TESTGROUPNAME: AECoreTestEXE
TESTSPECIFIC: testSPB
TESTNAME: average_EXPECTED
STATUS: PASSED
FILE: 
LINE: 0
MESSAGE: test has run
NumOfPasses: 1
NumOfFails: 0
OPTIONS: @INTEGRATION_TESTS::AECoreTestEXE @INTEGRATION_TESTS_FOR_AECoreTestEXE::testSPB 

TESTGROUPNAME: AECoreTestEXE
TESTSPECIFIC: testSPB
TESTNAME: clockfreq
STATUS: PASSED
FILE: ../../../src/AE/AECoreTestEXE/testSPB.cpp
LINE: 161MESSAGE: frequency of AEclock should be about 1 millisec
NumOfPasses: 2499
NumOfFails: 0
OPTIONS: @INTEGRATION_TESTS::AECoreTestEXE @INTEGRATION_TESTS_FOR_AECoreTestEXE::testSPB 

TESTGROUPNAME: AECoreTestEXE
TESTSPECIFIC: testSPB
TESTNAME: average
STATUS: PASSED
FILE: ../../../src/AE/AECoreTestEXE/include/AverageSPB.h
LINE: 72
MESSAGE: should be entered.
NumOfPasses: 1497
NumOfFails: 0
OPTIONS: @INTEGRATION_TESTS::AECoreTestEXE @INTEGRATION_TESTS_FOR_AECoreTestEXE::testSPB 

TESTGROUPNAME: AECoreTestEXE
TESTSPECIFIC: testSPB
TESTNAME: TimerOfSPBToAdder
STATUS: FAILED
FILE: ../../../src/AE/AECoreTestEXE/include/AdderSPB.h
LINE: 74
MESSAGE: time from clock call to final addersbp should be less than time 1.5 millisec
NumOfPasses: 498
NumOfFails: 1
OPTIONS: @INTEGRATION_TESTS::AECoreTestEXE @INTEGRATION_TESTS_FOR_AECoreTestEXE::testSPB 

TESTGROUPNAME: AECoreTestEXE
TESTSPECIFIC: testSPB
TESTNAME: averageadder
STATUS: PASSED
FILE: ../../../src/AE/AECoreTestEXE/include/AdderSPB.h
LINE: 76
MESSAGE: should be added.
NumOfPasses: 499
NumOfFails: 0
OPTIONS: @INTEGRATION_TESTS::AECoreTestEXE @INTEGRATION_TESTS_FOR_AECoreTestEXE::testSPB 

#####################################################################################
TESTGROUPNAME: AECoreTestEXE
TESTSPECIFIC: testSPB
TESTNAME: FINISH_TEST_GROUP
STATUS: FINISHED
FILE: None
LINE: 0
MESSAGE: done test group
NumOfPasses: 0
NumOfFails: 0
OPTIONS: @INTEGRATION_TESTS::AECoreTestEXE @INTEGRATION_TESTS_FOR_AECoreTestEXE::testSPB 

TESTGROUPNAME: AECoreTestEXE
TESTSPECIFIC: testSPB
TESTNAME: average_EXPECTED
STATUS: PASSED
FILE: 
LINE: 0
MESSAGE: test has run
NumOfPasses: 1
NumOfFails: 0
OPTIONS: @INTEGRATION_TESTS::AECoreTestEXE @INTEGRATION_TESTS_FOR_AECoreTestEXE::testSPB 

TESTGROUPNAME: AECoreTestEXE
TESTSPECIFIC: testSPB
TESTNAME: clockfreq
STATUS: PASSED
FILE: ../../../src/AE/AECoreTestEXE/testSPB.cpp
LINE: 161MESSAGE: frequency of AEclock should be about 1 millisec
NumOfPasses: 2499
NumOfFails: 0
OPTIONS: @INTEGRATION_TESTS::AECoreTestEXE @INTEGRATION_TESTS_FOR_AECoreTestEXE::testSPB 

TESTGROUPNAME: AECoreTestEXE
TESTSPECIFIC: testSPB
TESTNAME: average
STATUS: PASSED
FILE: ../../../src/AE/AECoreTestEXE/include/AverageSPB.h
LINE: 72
MESSAGE: should be entered.
NumOfPasses: 1497
NumOfFails: 0
OPTIONS: @INTEGRATION_TESTS::AECoreTestEXE @INTEGRATION_TESTS_FOR_AECoreTestEXE::testSPB 

TESTGROUPNAME: AECoreTestEXE
TESTSPECIFIC: testSPB
TESTNAME: TimerOfSPBToAdder
STATUS: FAILED
FILE: ../../../src/AE/AECoreTestEXE/include/AdderSPB.h
LINE: 74
MESSAGE: time from clock call to final addersbp should be less than time 1.5 millisec
NumOfPasses: 498
NumOfFails: 1
OPTIONS: @INTEGRATION_TESTS::AECoreTestEXE @INTEGRATION_TESTS_FOR_AECoreTestEXE::testSPB 

TESTGROUPNAME: AECoreTestEXE
TESTSPECIFIC: testSPB
TESTNAME: averageadder
STATUS: PASSED
FILE: ../../../src/AE/AECoreTestEXE/include/AdderSPB.h
LINE: 76
MESSAGE: should be added.
NumOfPasses: 499
NumOfFails: 0
OPTIONS: @INTEGRATION_TESTS::AECoreTestEXE @INTEGRATION_TESTS_FOR_AECoreTestEXE::testSPB 

